<?xml version="1.0" encoding="UTF-8"?>
<testsuite xmlns:xsi="http://www.w3.org/2001/XMLSchema-instance" xsi:noNamespaceSchemaLocation="https://maven.apache.org/surefire/maven-surefire-plugin/xsd/surefire-test-report.xsd" name="es.upm.grise.prof.curso2023.control1.TestCliente" time="0.042" tests="2" errors="0" skipped="0" failures="0">
  <properties>
[...]
</properties>
  <testcase name="testcalculaImportePedidos" classname="es.upm.grise.prof.curso2023.control1.TestCliente" time="0.029"/>
  <testcase name="testNoHayPedidosException" classname="es.upm.grise.prof.curso2023.control1.TestCliente" time="0.001"/>
</testsuite>